<?xml version="1.0" encoding="UTF-8"?>
<!-- Generated by org.testng.reporters.JUnitXMLReporter -->
<testsuite ignored="0" hostname="Raghavendra" failures="0" tests="9" name="Regression" time="0.177" errors="0" timestamp="24 Feb 2021 13:39:11 GMT">
  <testcase classname="Automation.Test1" name="Func" time="0.015"/>
  <testcase classname="Automation.Test1" name="Func2" time="0.004"/>
  <testcase classname="Automation.Test1" name="Func3" time="0.008"/>
  <testcase classname="Automation.Test2" name="Func" time="0.008"/>
  <testcase classname="Automation.Test2" name="Func2" time="0.01"/>
  <testcase classname="Automation.Test2" name="Func3" time="0.006"/>
  <testcase classname="Automation.Test3" name="Func" time="0.004"/>
  <testcase classname="Automation.Test3" name="Func2" time="0.007"/>
  <testcase classname="Automation.Test3" name="Func3" time="0.003"/>
</testsuite> <!-- Regression -->
