<?xml version="1.0" encoding="UTF-8"?>
<testng-results ignored="0" total="9" passed="9" failed="0" skipped="0">
  <reporter-output>
  </reporter-output>
  <suite started-at="2021-02-24T13:39:11Z" name="Automation Test" finished-at="2021-02-24T13:39:11Z" duration-ms="177">
    <groups>
    </groups>
    <test started-at="2021-02-24T13:39:11Z" name="Regression" finished-at="2021-02-24T13:39:11Z" duration-ms="177">
      <class name="Automation.Test3">
        <test-method signature="Func()[pri:0, instance:Automation.Test3@5170bcf4]" started-at="2021-02-24T13:39:11Z" name="Func" finished-at="2021-02-24T13:39:11Z" duration-ms="4" status="PASS">
          <reporter-output>
          </reporter-output>
        </test-method> <!-- Func -->
        <test-method signature="Func2()[pri:0, instance:Automation.Test3@5170bcf4]" started-at="2021-02-24T13:39:11Z" name="Func2" finished-at="2021-02-24T13:39:11Z" duration-ms="7" status="PASS">
          <reporter-output>
          </reporter-output>
        </test-method> <!-- Func2 -->
        <test-method signature="Func3()[pri:0, instance:Automation.Test3@5170bcf4]" started-at="2021-02-24T13:39:11Z" name="Func3" finished-at="2021-02-24T13:39:11Z" duration-ms="3" status="PASS">
          <reporter-output>
          </reporter-output>
        </test-method> <!-- Func3 -->
      </class> <!-- Automation.Test3 -->
      <class name="Automation.Test1">
        <test-method signature="Func()[pri:0, instance:Automation.Test1@4b7dc788]" started-at="2021-02-24T13:39:11Z" name="Func" finished-at="2021-02-24T13:39:11Z" duration-ms="15" status="PASS">
          <reporter-output>
          </reporter-output>
        </test-method> <!-- Func -->
        <test-method signature="Func2()[pri:0, instance:Automation.Test1@4b7dc788]" started-at="2021-02-24T13:39:11Z" name="Func2" finished-at="2021-02-24T13:39:11Z" duration-ms="4" status="PASS">
          <reporter-output>
          </reporter-output>
        </test-method> <!-- Func2 -->
        <test-method signature="Func3()[pri:0, instance:Automation.Test1@4b7dc788]" started-at="2021-02-24T13:39:11Z" name="Func3" finished-at="2021-02-24T13:39:11Z" duration-ms="8" status="PASS">
          <reporter-output>
          </reporter-output>
        </test-method> <!-- Func3 -->
      </class> <!-- Automation.Test1 -->
      <class name="Automation.Test2">
        <test-method signature="Func()[pri:0, instance:Automation.Test2@6304101a]" started-at="2021-02-24T13:39:11Z" name="Func" finished-at="2021-02-24T13:39:11Z" duration-ms="8" status="PASS">
          <reporter-output>
          </reporter-output>
        </test-method> <!-- Func -->
        <test-method signature="Func2()[pri:0, instance:Automation.Test2@6304101a]" started-at="2021-02-24T13:39:11Z" name="Func2" finished-at="2021-02-24T13:39:11Z" duration-ms="10" status="PASS">
          <reporter-output>
          </reporter-output>
        </test-method> <!-- Func2 -->
        <test-method signature="Func3()[pri:0, instance:Automation.Test2@6304101a]" started-at="2021-02-24T13:39:11Z" name="Func3" finished-at="2021-02-24T13:39:11Z" duration-ms="6" status="PASS">
          <reporter-output>
          </reporter-output>
        </test-method> <!-- Func3 -->
      </class> <!-- Automation.Test2 -->
    </test> <!-- Regression -->
  </suite> <!-- Automation Test -->
</testng-results>
